<?xml version="1.0" encoding="UTF-8"?>
<!-- Generated by org.testng.reporters.JUnitReportReporter -->
<testsuite hostname="DESKTOP-BNNU616" failures="0" tests="1" name="com.discovery.TestRunner.TestRunner" time="124.983" errors="0" timestamp="19 Jul 2019 17:07:50 GMT" skipped="0">
  <testcase classname="com.discovery.TestRunner.TestRunner" name="features" time="124.983"/>
</testsuite> <!-- com.discovery.TestRunner.TestRunner -->
